# JRE version: Java(TM) SE Runtime Environment (8.0_111-b14) (build 1.8.0_111-b14)
# Java VM: Java HotSpot(TM) 64-Bit Server VM (25.111-b14 mixed mode bsd-amd64 compressed oops)
Heap:
 PSYoungGen      total 33792K, used 1831K [0x0000000795580000, 0x0000000799880000, 0x00000007c0000000)
  eden space 31744K, 0% used [0x0000000795580000,0x00000007955c0a60,0x0000000797480000)
  from space 2048K, 76% used [0x0000000797500000,0x00000007976894c0,0x0000000797700000)
  to   space 18432K, 0% used [0x0000000798680000,0x0000000798680000,0x0000000799880000)
 ParOldGen       total 59904K, used 14019K [0x0000000740000000, 0x0000000743a80000, 0x0000000795580000)
  object space 59904K, 23% used [0x0000000740000000,0x0000000740db0fe8,0x0000000743a80000)
 Metaspace       used 21009K, capacity 21382K, committed 21760K, reserved 1069056K
  class space    used 2377K, capacity 2513K, committed 2560K, reserved 1048576K
GC Heap History (10 events):
Event: 657.548 GC heap before
{Heap before GC invocations=4 (full 1):
 PSYoungGen      total 38400K, used 5116K [0x0000000795580000, 0x0000000798000000, 0x00000007c0000000)
  eden space 33280K, 0% used [0x0000000795580000,0x0000000795580000,0x0000000797600000)
  from space 5120K, 99% used [0x0000000797600000,0x0000000797aff340,0x0000000797b00000)
  to   space 5120K, 0% used [0x0000000797b00000,0x0000000797b00000,0x0000000798000000)
 ParOldGen       total 87552K, used 18790K [0x0000000740000000, 0x0000000745580000, 0x0000000795580000)
  object space 87552K, 21% used [0x0000000740000000,0x0000000741259890,0x0000000745580000)
 Metaspace       used 20713K, capacity 21028K, committed 21248K, reserved 1069056K
  class space    used 2364K, capacity 2470K, committed 2560K, reserved 1048576K
Event: 657.594 GC heap after
Heap after GC invocations=4 (full 1):
 PSYoungGen      total 38400K, used 0K [0x0000000795580000, 0x0000000798000000, 0x00000007c0000000)
  eden space 33280K, 0% used [0x0000000795580000,0x0000000795580000,0x0000000797600000)
  from space 5120K, 0% used [0x0000000797600000,0x0000000797600000,0x0000000797b00000)
  to   space 5120K, 0% used [0x0000000797b00000,0x0000000797b00000,0x0000000798000000)
 ParOldGen       total 59904K, used 13995K [0x0000000740000000, 0x0000000743a80000, 0x0000000795580000)
  object space 59904K, 23% used [0x0000000740000000,0x0000000740daafe8,0x0000000743a80000)
 Metaspace       used 20713K, capacity 21028K, committed 21248K, reserved 1069056K
  class space    used 2364K, capacity 2470K, committed 2560K, reserved 1048576K
}
Event: 1624.452 GC heap before
{Heap before GC invocations=5 (full 1):
 PSYoungGen      total 38400K, used 33280K [0x0000000795580000, 0x0000000798000000, 0x00000007c0000000)
  eden space 33280K, 100% used [0x0000000795580000,0x0000000797600000,0x0000000797600000)
  from space 5120K, 0% used [0x0000000797600000,0x0000000797600000,0x0000000797b00000)
  to   space 5120K, 0% used [0x0000000797b00000,0x0000000797b00000,0x0000000798000000)
 ParOldGen       total 59904K, used 13995K [0x0000000740000000, 0x0000000743a80000, 0x0000000795580000)
  object space 59904K, 23% used [0x0000000740000000,0x0000000740daafe8,0x0000000743a80000)
 Metaspace       used 20943K, capacity 21318K, committed 21504K, reserved 1069056K
  class space    used 2376K, capacity 2513K, committed 2560K, reserved 1048576K
Event: 1624.721 GC heap after
Heap after GC invocations=5 (full 1):
 PSYoungGen      total 38400K, used 4253K [0x0000000795580000, 0x0000000798000000, 0x00000007c0000000)
  eden space 33280K, 0% used [0x0000000795580000,0x0000000795580000,0x0000000797600000)
  from space 5120K, 83% used [0x0000000797b00000,0x0000000797f277a8,0x0000000798000000)
  to   space 5120K, 0% used [0x0000000797600000,0x0000000797600000,0x0000000797b00000)
 ParOldGen       total 59904K, used 14003K [0x0000000740000000, 0x0000000743a80000, 0x0000000795580000)
  object space 59904K, 23% used [0x0000000740000000,0x0000000740dacfe8,0x0000000743a80000)
 Metaspace       used 20943K, capacity 21318K, committed 21504K, reserved 1069056K
  class space    used 2376K, capacity 2513K, committed 2560K, reserved 1048576K
}
Event: 53009.979 GC heap before
{Heap before GC invocations=6 (full 1):
 PSYoungGen      total 38400K, used 37533K [0x0000000795580000, 0x0000000798000000, 0x00000007c0000000)
  eden space 33280K, 100% used [0x0000000795580000,0x0000000797600000,0x0000000797600000)
  from space 5120K, 83% used [0x0000000797b00000,0x0000000797f277a8,0x0000000798000000)
  to   space 5120K, 0% used [0x0000000797600000,0x0000000797600000,0x0000000797b00000)
 ParOldGen       total 59904K, used 14003K [0x0000000740000000, 0x0000000743a80000, 0x0000000795580000)
  object space 59904K, 23% used [0x0000000740000000,0x0000000740dacfe8,0x0000000743a80000)
 Metaspace       used 20992K, capacity 21382K, committed 21760K, reserved 1069056K
  class space    used 2377K, capacity 2513K, committed 2560K, reserved 1048576K
Event: 53010.450 GC heap after
Heap after GC invocations=6 (full 1):
 PSYoungGen      total 37888K, used 3963K [0x0000000795580000, 0x0000000799980000, 0x00000007c0000000)
  eden space 32768K, 0% used [0x0000000795580000,0x0000000795580000,0x0000000797580000)
  from space 5120K, 77% used [0x0000000797600000,0x00000007979deea8,0x0000000797b00000)
  to   space 18432K, 0% used [0x0000000798780000,0x0000000798780000,0x0000000799980000)
 ParOldGen       total 59904K, used 14011K [0x0000000740000000, 0x0000000743a80000, 0x0000000795580000)
  object space 59904K, 23% used [0x0000000740000000,0x0000000740daefe8,0x0000000743a80000)
 Metaspace       used 20992K, capacity 21382K, committed 21760K, reserved 1069056K
  class space    used 2377K, capacity 2513K, committed 2560K, reserved 1048576K
}
Event: 85019.392 GC heap before
{Heap before GC invocations=7 (full 1):
 PSYoungGen      total 37888K, used 36731K [0x0000000795580000, 0x0000000799980000, 0x00000007c0000000)
  eden space 32768K, 100% used [0x0000000795580000,0x0000000797580000,0x0000000797580000)
  from space 5120K, 77% used [0x0000000797600000,0x00000007979deea8,0x0000000797b00000)
  to   space 18432K, 0% used [0x0000000798780000,0x0000000798780000,0x0000000799980000)
 ParOldGen       total 59904K, used 14011K [0x0000000740000000, 0x0000000743a80000, 0x0000000795580000)
  object space 59904K, 23% used [0x0000000740000000,0x0000000740daefe8,0x0000000743a80000)
 Metaspace       used 20999K, capacity 21382K, committed 21760K, reserved 1069056K
  class space    used 2377K, capacity 2513K, committed 2560K, reserved 1048576K
Event: 85019.655 GC heap after
Heap after GC invocations=7 (full 1):
 PSYoungGen      total 50176K, used 2105K [0x0000000795580000, 0x0000000799900000, 0x00000007c0000000)
  eden space 32256K, 0% used [0x0000000795580000,0x0000000795580000,0x0000000797500000)
  from space 17920K, 11% used [0x0000000798780000,0x000000079898e5f0,0x0000000799900000)
  to   space 18432K, 0% used [0x0000000797500000,0x0000000797500000,0x0000000798700000)
 ParOldGen       total 59904K, used 14011K [0x0000000740000000, 0x0000000743a80000, 0x0000000795580000)
  object space 59904K, 23% used [0x0000000740000000,0x0000000740daefe8,0x0000000743a80000)
 Metaspace       used 20999K, capacity 21382K, committed 21760K, reserved 1069056K
  class space    used 2377K, capacity 2513K, committed 2560K, reserved 1048576K
}
Event: 159347.772 GC heap before
{Heap before GC invocations=8 (full 1):
 PSYoungGen      total 50176K, used 34361K [0x0000000795580000, 0x0000000799900000, 0x00000007c0000000)
  eden space 32256K, 100% used [0x0000000795580000,0x0000000797500000,0x0000000797500000)
  from space 17920K, 11% used [0x0000000798780000,0x000000079898e5f0,0x0000000799900000)
  to   space 18432K, 0% used [0x0000000797500000,0x0000000797500000,0x0000000798700000)
 ParOldGen       total 59904K, used 14011K [0x0000000740000000, 0x0000000743a80000, 0x0000000795580000)
  object space 59904K, 23% used [0x0000000740000000,0x0000000740daefe8,0x0000000743a80000)
 Metaspace       used 21009K, capacity 21382K, committed 21760K, reserved 1069056K
  class space    used 2377K, capacity 2513K, committed 2560K, reserved 1048576K
Event: 159348.888 GC heap after
Heap after GC invocations=8 (full 1):
 PSYoungGen      total 33792K, used 1573K [0x0000000795580000, 0x0000000799880000, 0x00000007c0000000)
  eden space 31744K, 0% used [0x0000000795580000,0x0000000795580000,0x0000000797480000)
  from space 2048K, 76% used [0x0000000797500000,0x00000007976894c0,0x0000000797700000)
  to   space 18432K, 0% used [0x0000000798680000,0x0000000798680000,0x0000000799880000)
 ParOldGen       total 59904K, used 14019K [0x0000000740000000, 0x0000000743a80000, 0x0000000795580000)
  object space 59904K, 23% used [0x0000000740000000,0x0000000740db0fe8,0x0000000743a80000)
 Metaspace       used 21009K, capacity 21382K, committed 21760K, reserved 1069056K
  class space    used 2377K, capacity 2513K, committed 2560K, reserved 1048576K
}

